Analysis & Elaboration report for Proyecto
Tue Nov 09 19:07:10 2021
Quartus Prime Version 20.1.1 Build 720 11/11/2020 SJ Lite Edition


---------------------
; Table of Contents ;
---------------------
  1. Legal Notice
  2. Analysis & Elaboration Summary
  3. Parallel Compilation
  4. Parameter Settings for User Entity Instance: Mux_2_to_1:PCSrcMux
  5. Parameter Settings for User Entity Instance: PC:PCReg
  6. Parameter Settings for User Entity Instance: Plus4:PCAdder1
  7. Parameter Settings for User Entity Instance: Plus4:PCAdder2
  8. Parameter Settings for User Entity Instance: Mux_2_to_1:ra1mux
  9. Parameter Settings for User Entity Instance: Mux_2_to_1:ra2mux
 10. Parameter Settings for User Entity Instance: RegisterFile:RegFile
 11. Parameter Settings for User Entity Instance: RegisterFile:RegFile|Demux_1_to_16:DEMUX
 12. Parameter Settings for User Entity Instance: RegisterFile:RegFile|Register:REG00
 13. Parameter Settings for User Entity Instance: RegisterFile:RegFile|Register:REG01
 14. Parameter Settings for User Entity Instance: RegisterFile:RegFile|Register:REG02
 15. Parameter Settings for User Entity Instance: RegisterFile:RegFile|Register:REG03
 16. Parameter Settings for User Entity Instance: RegisterFile:RegFile|Register:REG04
 17. Parameter Settings for User Entity Instance: RegisterFile:RegFile|Register:REG05
 18. Parameter Settings for User Entity Instance: RegisterFile:RegFile|Register:REG06
 19. Parameter Settings for User Entity Instance: RegisterFile:RegFile|Register:REG07
 20. Parameter Settings for User Entity Instance: RegisterFile:RegFile|Register:REG08
 21. Parameter Settings for User Entity Instance: RegisterFile:RegFile|Register:REG09
 22. Parameter Settings for User Entity Instance: RegisterFile:RegFile|Register:REG10
 23. Parameter Settings for User Entity Instance: RegisterFile:RegFile|Register:REG11
 24. Parameter Settings for User Entity Instance: RegisterFile:RegFile|Register:REG12
 25. Parameter Settings for User Entity Instance: RegisterFile:RegFile|Register:REG13
 26. Parameter Settings for User Entity Instance: RegisterFile:RegFile|Register:REG14
 27. Parameter Settings for User Entity Instance: RegisterFile:RegFile|Register:REG15
 28. Parameter Settings for User Entity Instance: RegisterFile:RegFile|Mux_16_to_1:MUX_RD1
 29. Parameter Settings for User Entity Instance: RegisterFile:RegFile|Mux_16_to_1:MUX_RD2
 30. Parameter Settings for User Entity Instance: Mux_2_to_1:SrcBMux
 31. Parameter Settings for User Entity Instance: Mux_2_to_1:MemtoRegMux
 32. Analysis & Elaboration Settings
 33. Port Connectivity Checks: "RegisterFile:RegFile|Register:REG15"
 34. Port Connectivity Checks: "RegisterFile:RegFile|Demux_1_to_16:DEMUX"
 35. Port Connectivity Checks: "Mux_2_to_1:ra1mux"
 36. Port Connectivity Checks: "Mux_2_to_1:PCSrcMux"
 37. Analysis & Elaboration Messages
 38. Analysis & Elaboration Suppressed Messages



----------------
; Legal Notice ;
----------------
Copyright (C) 2020  Intel Corporation. All rights reserved.
Your use of Intel Corporation's design tools, logic functions 
and other software and tools, and any partner logic 
functions, and any output files from any of the foregoing 
(including device programming or simulation files), and any 
associated documentation or information are expressly subject 
to the terms and conditions of the Intel Program License 
Subscription Agreement, the Intel Quartus Prime License Agreement,
the Intel FPGA IP License Agreement, or other applicable license
agreement, including, without limitation, that your use is for
the sole purpose of programming logic devices manufactured by
Intel and sold by Intel or its authorized distributors.  Please
refer to the applicable agreement for further details, at
https://fpgasoftware.intel.com/eula.



+-----------------------------------------------------------------------------+
; Analysis & Elaboration Summary                                              ;
+-------------------------------+---------------------------------------------+
; Analysis & Elaboration Status ; Successful - Tue Nov 09 19:07:10 2021       ;
; Quartus Prime Version         ; 20.1.1 Build 720 11/11/2020 SJ Lite Edition ;
; Revision Name                 ; Proyecto                                    ;
; Top-level Entity Name         ; DataPath                                    ;
; Family                        ; Cyclone V                                   ;
; Logic utilization (in ALMs)   ; N/A until Partition Merge                   ;
; Total registers               ; N/A until Partition Merge                   ;
; Total pins                    ; N/A until Partition Merge                   ;
; Total virtual pins            ; N/A until Partition Merge                   ;
; Total block memory bits       ; N/A until Partition Merge                   ;
; Total PLLs                    ; N/A until Partition Merge                   ;
; Total DLLs                    ; N/A until Partition Merge                   ;
+-------------------------------+---------------------------------------------+


+------------------------------------------+
; Parallel Compilation                     ;
+----------------------------+-------------+
; Processors                 ; Number      ;
+----------------------------+-------------+
; Number detected on machine ; 12          ;
; Maximum allowed            ; 6           ;
;                            ;             ;
; Average used               ; 1.00        ;
; Maximum used               ; 1           ;
;                            ;             ;
; Usage by Processor         ; % Time Used ;
;     Processor 1            ; 100.0%      ;
+----------------------------+-------------+


+------------------------------------------------------------------+
; Parameter Settings for User Entity Instance: Mux_2_to_1:PCSrcMux ;
+----------------+-------+-----------------------------------------+
; Parameter Name ; Value ; Type                                    ;
+----------------+-------+-----------------------------------------+
; N              ; 16    ; Signed Integer                          ;
+----------------+-------+-----------------------------------------+
Note: In order to hide this table in the UI and the text report file, please set the "Show Parameter Settings in Synthesis Report" option in "Analysis and Synthesis Settings -> More Settings" to "Off".


+-------------------------------------------------------+
; Parameter Settings for User Entity Instance: PC:PCReg ;
+----------------+-------+------------------------------+
; Parameter Name ; Value ; Type                         ;
+----------------+-------+------------------------------+
; N              ; 16    ; Signed Integer               ;
+----------------+-------+------------------------------+
Note: In order to hide this table in the UI and the text report file, please set the "Show Parameter Settings in Synthesis Report" option in "Analysis and Synthesis Settings -> More Settings" to "Off".


+-------------------------------------------------------------+
; Parameter Settings for User Entity Instance: Plus4:PCAdder1 ;
+----------------+-------+------------------------------------+
; Parameter Name ; Value ; Type                               ;
+----------------+-------+------------------------------------+
; N              ; 16    ; Signed Integer                     ;
+----------------+-------+------------------------------------+
Note: In order to hide this table in the UI and the text report file, please set the "Show Parameter Settings in Synthesis Report" option in "Analysis and Synthesis Settings -> More Settings" to "Off".


+-------------------------------------------------------------+
; Parameter Settings for User Entity Instance: Plus4:PCAdder2 ;
+----------------+-------+------------------------------------+
; Parameter Name ; Value ; Type                               ;
+----------------+-------+------------------------------------+
; N              ; 16    ; Signed Integer                     ;
+----------------+-------+------------------------------------+
Note: In order to hide this table in the UI and the text report file, please set the "Show Parameter Settings in Synthesis Report" option in "Analysis and Synthesis Settings -> More Settings" to "Off".


+----------------------------------------------------------------+
; Parameter Settings for User Entity Instance: Mux_2_to_1:ra1mux ;
+----------------+-------+---------------------------------------+
; Parameter Name ; Value ; Type                                  ;
+----------------+-------+---------------------------------------+
; N              ; 4     ; Signed Integer                        ;
+----------------+-------+---------------------------------------+
Note: In order to hide this table in the UI and the text report file, please set the "Show Parameter Settings in Synthesis Report" option in "Analysis and Synthesis Settings -> More Settings" to "Off".


+----------------------------------------------------------------+
; Parameter Settings for User Entity Instance: Mux_2_to_1:ra2mux ;
+----------------+-------+---------------------------------------+
; Parameter Name ; Value ; Type                                  ;
+----------------+-------+---------------------------------------+
; N              ; 4     ; Signed Integer                        ;
+----------------+-------+---------------------------------------+
Note: In order to hide this table in the UI and the text report file, please set the "Show Parameter Settings in Synthesis Report" option in "Analysis and Synthesis Settings -> More Settings" to "Off".


+-------------------------------------------------------------------+
; Parameter Settings for User Entity Instance: RegisterFile:RegFile ;
+----------------+-------+------------------------------------------+
; Parameter Name ; Value ; Type                                     ;
+----------------+-------+------------------------------------------+
; N              ; 32    ; Signed Integer                           ;
+----------------+-------+------------------------------------------+
Note: In order to hide this table in the UI and the text report file, please set the "Show Parameter Settings in Synthesis Report" option in "Analysis and Synthesis Settings -> More Settings" to "Off".


+---------------------------------------------------------------------------------------+
; Parameter Settings for User Entity Instance: RegisterFile:RegFile|Demux_1_to_16:DEMUX ;
+----------------+-------+--------------------------------------------------------------+
; Parameter Name ; Value ; Type                                                         ;
+----------------+-------+--------------------------------------------------------------+
; N              ; 32    ; Signed Integer                                               ;
+----------------+-------+--------------------------------------------------------------+
Note: In order to hide this table in the UI and the text report file, please set the "Show Parameter Settings in Synthesis Report" option in "Analysis and Synthesis Settings -> More Settings" to "Off".


+----------------------------------------------------------------------------------+
; Parameter Settings for User Entity Instance: RegisterFile:RegFile|Register:REG00 ;
+----------------+-------+---------------------------------------------------------+
; Parameter Name ; Value ; Type                                                    ;
+----------------+-------+---------------------------------------------------------+
; N              ; 32    ; Signed Integer                                          ;
+----------------+-------+---------------------------------------------------------+
Note: In order to hide this table in the UI and the text report file, please set the "Show Parameter Settings in Synthesis Report" option in "Analysis and Synthesis Settings -> More Settings" to "Off".


+----------------------------------------------------------------------------------+
; Parameter Settings for User Entity Instance: RegisterFile:RegFile|Register:REG01 ;
+----------------+-------+---------------------------------------------------------+
; Parameter Name ; Value ; Type                                                    ;
+----------------+-------+---------------------------------------------------------+
; N              ; 32    ; Signed Integer                                          ;
+----------------+-------+---------------------------------------------------------+
Note: In order to hide this table in the UI and the text report file, please set the "Show Parameter Settings in Synthesis Report" option in "Analysis and Synthesis Settings -> More Settings" to "Off".


+----------------------------------------------------------------------------------+
; Parameter Settings for User Entity Instance: RegisterFile:RegFile|Register:REG02 ;
+----------------+-------+---------------------------------------------------------+
; Parameter Name ; Value ; Type                                                    ;
+----------------+-------+---------------------------------------------------------+
; N              ; 32    ; Signed Integer                                          ;
+----------------+-------+---------------------------------------------------------+
Note: In order to hide this table in the UI and the text report file, please set the "Show Parameter Settings in Synthesis Report" option in "Analysis and Synthesis Settings -> More Settings" to "Off".


+----------------------------------------------------------------------------------+
; Parameter Settings for User Entity Instance: RegisterFile:RegFile|Register:REG03 ;
+----------------+-------+---------------------------------------------------------+
; Parameter Name ; Value ; Type                                                    ;
+----------------+-------+---------------------------------------------------------+
; N              ; 32    ; Signed Integer                                          ;
+----------------+-------+---------------------------------------------------------+
Note: In order to hide this table in the UI and the text report file, please set the "Show Parameter Settings in Synthesis Report" option in "Analysis and Synthesis Settings -> More Settings" to "Off".


+----------------------------------------------------------------------------------+
; Parameter Settings for User Entity Instance: RegisterFile:RegFile|Register:REG04 ;
+----------------+-------+---------------------------------------------------------+
; Parameter Name ; Value ; Type                                                    ;
+----------------+-------+---------------------------------------------------------+
; N              ; 32    ; Signed Integer                                          ;
+----------------+-------+---------------------------------------------------------+
Note: In order to hide this table in the UI and the text report file, please set the "Show Parameter Settings in Synthesis Report" option in "Analysis and Synthesis Settings -> More Settings" to "Off".


+----------------------------------------------------------------------------------+
; Parameter Settings for User Entity Instance: RegisterFile:RegFile|Register:REG05 ;
+----------------+-------+---------------------------------------------------------+
; Parameter Name ; Value ; Type                                                    ;
+----------------+-------+---------------------------------------------------------+
; N              ; 32    ; Signed Integer                                          ;
+----------------+-------+---------------------------------------------------------+
Note: In order to hide this table in the UI and the text report file, please set the "Show Parameter Settings in Synthesis Report" option in "Analysis and Synthesis Settings -> More Settings" to "Off".


+----------------------------------------------------------------------------------+
; Parameter Settings for User Entity Instance: RegisterFile:RegFile|Register:REG06 ;
+----------------+-------+---------------------------------------------------------+
; Parameter Name ; Value ; Type                                                    ;
+----------------+-------+---------------------------------------------------------+
; N              ; 32    ; Signed Integer                                          ;
+----------------+-------+---------------------------------------------------------+
Note: In order to hide this table in the UI and the text report file, please set the "Show Parameter Settings in Synthesis Report" option in "Analysis and Synthesis Settings -> More Settings" to "Off".


+----------------------------------------------------------------------------------+
; Parameter Settings for User Entity Instance: RegisterFile:RegFile|Register:REG07 ;
+----------------+-------+---------------------------------------------------------+
; Parameter Name ; Value ; Type                                                    ;
+----------------+-------+---------------------------------------------------------+
; N              ; 32    ; Signed Integer                                          ;
+----------------+-------+---------------------------------------------------------+
Note: In order to hide this table in the UI and the text report file, please set the "Show Parameter Settings in Synthesis Report" option in "Analysis and Synthesis Settings -> More Settings" to "Off".


+----------------------------------------------------------------------------------+
; Parameter Settings for User Entity Instance: RegisterFile:RegFile|Register:REG08 ;
+----------------+-------+---------------------------------------------------------+
; Parameter Name ; Value ; Type                                                    ;
+----------------+-------+---------------------------------------------------------+
; N              ; 32    ; Signed Integer                                          ;
+----------------+-------+---------------------------------------------------------+
Note: In order to hide this table in the UI and the text report file, please set the "Show Parameter Settings in Synthesis Report" option in "Analysis and Synthesis Settings -> More Settings" to "Off".


+----------------------------------------------------------------------------------+
; Parameter Settings for User Entity Instance: RegisterFile:RegFile|Register:REG09 ;
+----------------+-------+---------------------------------------------------------+
; Parameter Name ; Value ; Type                                                    ;
+----------------+-------+---------------------------------------------------------+
; N              ; 32    ; Signed Integer                                          ;
+----------------+-------+---------------------------------------------------------+
Note: In order to hide this table in the UI and the text report file, please set the "Show Parameter Settings in Synthesis Report" option in "Analysis and Synthesis Settings -> More Settings" to "Off".


+----------------------------------------------------------------------------------+
; Parameter Settings for User Entity Instance: RegisterFile:RegFile|Register:REG10 ;
+----------------+-------+---------------------------------------------------------+
; Parameter Name ; Value ; Type                                                    ;
+----------------+-------+---------------------------------------------------------+
; N              ; 32    ; Signed Integer                                          ;
+----------------+-------+---------------------------------------------------------+
Note: In order to hide this table in the UI and the text report file, please set the "Show Parameter Settings in Synthesis Report" option in "Analysis and Synthesis Settings -> More Settings" to "Off".


+----------------------------------------------------------------------------------+
; Parameter Settings for User Entity Instance: RegisterFile:RegFile|Register:REG11 ;
+----------------+-------+---------------------------------------------------------+
; Parameter Name ; Value ; Type                                                    ;
+----------------+-------+---------------------------------------------------------+
; N              ; 32    ; Signed Integer                                          ;
+----------------+-------+---------------------------------------------------------+
Note: In order to hide this table in the UI and the text report file, please set the "Show Parameter Settings in Synthesis Report" option in "Analysis and Synthesis Settings -> More Settings" to "Off".


+----------------------------------------------------------------------------------+
; Parameter Settings for User Entity Instance: RegisterFile:RegFile|Register:REG12 ;
+----------------+-------+---------------------------------------------------------+
; Parameter Name ; Value ; Type                                                    ;
+----------------+-------+---------------------------------------------------------+
; N              ; 32    ; Signed Integer                                          ;
+----------------+-------+---------------------------------------------------------+
Note: In order to hide this table in the UI and the text report file, please set the "Show Parameter Settings in Synthesis Report" option in "Analysis and Synthesis Settings -> More Settings" to "Off".


+----------------------------------------------------------------------------------+
; Parameter Settings for User Entity Instance: RegisterFile:RegFile|Register:REG13 ;
+----------------+-------+---------------------------------------------------------+
; Parameter Name ; Value ; Type                                                    ;
+----------------+-------+---------------------------------------------------------+
; N              ; 32    ; Signed Integer                                          ;
+----------------+-------+---------------------------------------------------------+
Note: In order to hide this table in the UI and the text report file, please set the "Show Parameter Settings in Synthesis Report" option in "Analysis and Synthesis Settings -> More Settings" to "Off".


+----------------------------------------------------------------------------------+
; Parameter Settings for User Entity Instance: RegisterFile:RegFile|Register:REG14 ;
+----------------+-------+---------------------------------------------------------+
; Parameter Name ; Value ; Type                                                    ;
+----------------+-------+---------------------------------------------------------+
; N              ; 32    ; Signed Integer                                          ;
+----------------+-------+---------------------------------------------------------+
Note: In order to hide this table in the UI and the text report file, please set the "Show Parameter Settings in Synthesis Report" option in "Analysis and Synthesis Settings -> More Settings" to "Off".


+----------------------------------------------------------------------------------+
; Parameter Settings for User Entity Instance: RegisterFile:RegFile|Register:REG15 ;
+----------------+-------+---------------------------------------------------------+
; Parameter Name ; Value ; Type                                                    ;
+----------------+-------+---------------------------------------------------------+
; N              ; 32    ; Signed Integer                                          ;
+----------------+-------+---------------------------------------------------------+
Note: In order to hide this table in the UI and the text report file, please set the "Show Parameter Settings in Synthesis Report" option in "Analysis and Synthesis Settings -> More Settings" to "Off".


+---------------------------------------------------------------------------------------+
; Parameter Settings for User Entity Instance: RegisterFile:RegFile|Mux_16_to_1:MUX_RD1 ;
+----------------+-------+--------------------------------------------------------------+
; Parameter Name ; Value ; Type                                                         ;
+----------------+-------+--------------------------------------------------------------+
; N              ; 32    ; Signed Integer                                               ;
+----------------+-------+--------------------------------------------------------------+
Note: In order to hide this table in the UI and the text report file, please set the "Show Parameter Settings in Synthesis Report" option in "Analysis and Synthesis Settings -> More Settings" to "Off".


+---------------------------------------------------------------------------------------+
; Parameter Settings for User Entity Instance: RegisterFile:RegFile|Mux_16_to_1:MUX_RD2 ;
+----------------+-------+--------------------------------------------------------------+
; Parameter Name ; Value ; Type                                                         ;
+----------------+-------+--------------------------------------------------------------+
; N              ; 32    ; Signed Integer                                               ;
+----------------+-------+--------------------------------------------------------------+
Note: In order to hide this table in the UI and the text report file, please set the "Show Parameter Settings in Synthesis Report" option in "Analysis and Synthesis Settings -> More Settings" to "Off".


+-----------------------------------------------------------------+
; Parameter Settings for User Entity Instance: Mux_2_to_1:SrcBMux ;
+----------------+-------+----------------------------------------+
; Parameter Name ; Value ; Type                                   ;
+----------------+-------+----------------------------------------+
; N              ; 32    ; Signed Integer                         ;
+----------------+-------+----------------------------------------+
Note: In order to hide this table in the UI and the text report file, please set the "Show Parameter Settings in Synthesis Report" option in "Analysis and Synthesis Settings -> More Settings" to "Off".


+---------------------------------------------------------------------+
; Parameter Settings for User Entity Instance: Mux_2_to_1:MemtoRegMux ;
+----------------+-------+--------------------------------------------+
; Parameter Name ; Value ; Type                                       ;
+----------------+-------+--------------------------------------------+
; N              ; 32    ; Signed Integer                             ;
+----------------+-------+--------------------------------------------+
Note: In order to hide this table in the UI and the text report file, please set the "Show Parameter Settings in Synthesis Report" option in "Analysis and Synthesis Settings -> More Settings" to "Off".


+---------------------------------------------------------------------------------------------------------------------------+
; Analysis & Elaboration Settings                                                                                           ;
+---------------------------------------------------------------------------------+--------------------+--------------------+
; Option                                                                          ; Setting            ; Default Value      ;
+---------------------------------------------------------------------------------+--------------------+--------------------+
; Device                                                                          ; 5CGXFC7C7F23C8     ;                    ;
; Top-level entity name                                                           ; DataPath           ; Proyecto           ;
; Family name                                                                     ; Cyclone V          ; Cyclone V          ;
; Use smart compilation                                                           ; Off                ; Off                ;
; Enable parallel Assembler and Timing Analyzer during compilation                ; On                 ; On                 ;
; Enable compact report table                                                     ; Off                ; Off                ;
; Restructure Multiplexers                                                        ; Auto               ; Auto               ;
; MLAB Add Timing Constraints For Mixed-Port Feed-Through Mode Setting Don't Care ; Off                ; Off                ;
; Create Debugging Nodes for IP Cores                                             ; Off                ; Off                ;
; Preserve fewer node names                                                       ; On                 ; On                 ;
; Intel FPGA IP Evaluation Mode                                                   ; Enable             ; Enable             ;
; Verilog Version                                                                 ; Verilog_2001       ; Verilog_2001       ;
; VHDL Version                                                                    ; VHDL_1993          ; VHDL_1993          ;
; State Machine Processing                                                        ; Auto               ; Auto               ;
; Safe State Machine                                                              ; Off                ; Off                ;
; Extract Verilog State Machines                                                  ; On                 ; On                 ;
; Extract VHDL State Machines                                                     ; On                 ; On                 ;
; Ignore Verilog initial constructs                                               ; Off                ; Off                ;
; Iteration limit for constant Verilog loops                                      ; 5000               ; 5000               ;
; Iteration limit for non-constant Verilog loops                                  ; 250                ; 250                ;
; Add Pass-Through Logic to Inferred RAMs                                         ; On                 ; On                 ;
; Infer RAMs from Raw Logic                                                       ; On                 ; On                 ;
; Parallel Synthesis                                                              ; On                 ; On                 ;
; DSP Block Balancing                                                             ; Auto               ; Auto               ;
; NOT Gate Push-Back                                                              ; On                 ; On                 ;
; Power-Up Don't Care                                                             ; On                 ; On                 ;
; Remove Redundant Logic Cells                                                    ; Off                ; Off                ;
; Remove Duplicate Registers                                                      ; On                 ; On                 ;
; Ignore CARRY Buffers                                                            ; Off                ; Off                ;
; Ignore CASCADE Buffers                                                          ; Off                ; Off                ;
; Ignore GLOBAL Buffers                                                           ; Off                ; Off                ;
; Ignore ROW GLOBAL Buffers                                                       ; Off                ; Off                ;
; Ignore LCELL Buffers                                                            ; Off                ; Off                ;
; Ignore SOFT Buffers                                                             ; On                 ; On                 ;
; Limit AHDL Integers to 32 Bits                                                  ; Off                ; Off                ;
; Optimization Technique                                                          ; Balanced           ; Balanced           ;
; Carry Chain Length                                                              ; 70                 ; 70                 ;
; Auto Carry Chains                                                               ; On                 ; On                 ;
; Auto Open-Drain Pins                                                            ; On                 ; On                 ;
; Perform WYSIWYG Primitive Resynthesis                                           ; Off                ; Off                ;
; Auto ROM Replacement                                                            ; On                 ; On                 ;
; Auto RAM Replacement                                                            ; On                 ; On                 ;
; Auto DSP Block Replacement                                                      ; On                 ; On                 ;
; Auto Shift Register Replacement                                                 ; Auto               ; Auto               ;
; Allow Shift Register Merging across Hierarchies                                 ; Auto               ; Auto               ;
; Auto Clock Enable Replacement                                                   ; On                 ; On                 ;
; Strict RAM Replacement                                                          ; Off                ; Off                ;
; Allow Synchronous Control Signals                                               ; On                 ; On                 ;
; Force Use of Synchronous Clear Signals                                          ; Off                ; Off                ;
; Auto Resource Sharing                                                           ; Off                ; Off                ;
; Allow Any RAM Size For Recognition                                              ; Off                ; Off                ;
; Allow Any ROM Size For Recognition                                              ; Off                ; Off                ;
; Allow Any Shift Register Size For Recognition                                   ; Off                ; Off                ;
; Use LogicLock Constraints during Resource Balancing                             ; On                 ; On                 ;
; Ignore translate_off and synthesis_off directives                               ; Off                ; Off                ;
; Timing-Driven Synthesis                                                         ; On                 ; On                 ;
; Report Parameter Settings                                                       ; On                 ; On                 ;
; Report Source Assignments                                                       ; On                 ; On                 ;
; Report Connectivity Checks                                                      ; On                 ; On                 ;
; Ignore Maximum Fan-Out Assignments                                              ; Off                ; Off                ;
; Synchronization Register Chain Length                                           ; 3                  ; 3                  ;
; Power Optimization During Synthesis                                             ; Normal compilation ; Normal compilation ;
; HDL message level                                                               ; Level2             ; Level2             ;
; Suppress Register Optimization Related Messages                                 ; Off                ; Off                ;
; Number of Removed Registers Reported in Synthesis Report                        ; 5000               ; 5000               ;
; Number of Swept Nodes Reported in Synthesis Report                              ; 5000               ; 5000               ;
; Number of Inverted Registers Reported in Synthesis Report                       ; 100                ; 100                ;
; Clock MUX Protection                                                            ; On                 ; On                 ;
; Auto Gated Clock Conversion                                                     ; Off                ; Off                ;
; Block Design Naming                                                             ; Auto               ; Auto               ;
; SDC constraint protection                                                       ; Off                ; Off                ;
; Synthesis Effort                                                                ; Auto               ; Auto               ;
; Shift Register Replacement - Allow Asynchronous Clear Signal                    ; On                 ; On                 ;
; Pre-Mapping Resynthesis Optimization                                            ; Off                ; Off                ;
; Analysis & Synthesis Message Level                                              ; Medium             ; Medium             ;
; Disable Register Merging Across Hierarchies                                     ; Auto               ; Auto               ;
; Resource Aware Inference For Block RAM                                          ; On                 ; On                 ;
; Automatic Parallel Synthesis                                                    ; On                 ; On                 ;
; Partial Reconfiguration Bitstream ID                                            ; Off                ; Off                ;
+---------------------------------------------------------------------------------+--------------------+--------------------+


+-----------------------------------------------------------------+
; Port Connectivity Checks: "RegisterFile:RegFile|Register:REG15" ;
+------+-------+----------+---------------------------------------+
; Port ; Type  ; Severity ; Details                               ;
+------+-------+----------+---------------------------------------+
; en   ; Input ; Info     ; Stuck at VCC                          ;
+------+-------+----------+---------------------------------------+


+----------------------------------------------------------------------------------------------------------------------------------------------------------+
; Port Connectivity Checks: "RegisterFile:RegFile|Demux_1_to_16:DEMUX"                                                                                     ;
+---------+--------+----------+----------------------------------------------------------------------------------------------------------------------------+
; Port    ; Type   ; Severity ; Details                                                                                                                    ;
+---------+--------+----------+----------------------------------------------------------------------------------------------------------------------------+
; OUT     ; Output ; Warning  ; Output or bidir port (32 bits) is wider than the port expression (16 bits) it drives; bit(s) "OUT[31..16]" have no fanouts ;
; OUT[31] ; Output ; Info     ; Connected to dangling logic. Logic that only feeds a dangling port will be removed.                                        ;
+---------+--------+----------+----------------------------------------------------------------------------------------------------------------------------+


+-----------------------------------------------+
; Port Connectivity Checks: "Mux_2_to_1:ra1mux" ;
+------+-------+----------+---------------------+
; Port ; Type  ; Severity ; Details             ;
+------+-------+----------+---------------------+
; B    ; Input ; Info     ; Stuck at VCC        ;
+------+-------+----------+---------------------+


+---------------------------------------------------------------------------------------------------------------------------------------------------------------------------------------------------------------+
; Port Connectivity Checks: "Mux_2_to_1:PCSrcMux"                                                                                                                                                               ;
+------+-------+----------+-------------------------------------------------------------------------------------------------------------------------------------------------------------------------------------+
; Port ; Type  ; Severity ; Details                                                                                                                                                                             ;
+------+-------+----------+-------------------------------------------------------------------------------------------------------------------------------------------------------------------------------------+
; B    ; Input ; Warning  ; Input port expression (32 bits) is wider than the input port (16 bits) it drives.  The 16 most-significant bit(s) in the expression will be dangling if they have no other fanouts. ;
+------+-------+----------+-------------------------------------------------------------------------------------------------------------------------------------------------------------------------------------+


+---------------------------------+
; Analysis & Elaboration Messages ;
+---------------------------------+
Info: *******************************************************************
Info: Running Quartus Prime Analysis & Elaboration
    Info: Version 20.1.1 Build 720 11/11/2020 SJ Lite Edition
    Info: Processing started: Tue Nov 09 19:07:03 2021
Info: Command: quartus_map --read_settings_files=on --write_settings_files=off Proyecto -c Proyecto --analysis_and_elaboration
Warning (18236): Number of processors has not been specified which may cause overloading on shared machines.  Set the global assignment NUM_PARALLEL_PROCESSORS in your QSF to an appropriate value for best performance.
Info (20030): Parallel compilation is enabled and will use 6 of the 6 processors detected
Info (12021): Found 1 design units, including 1 entities, in source file extend.sv
    Info (12023): Found entity 1: Extend File: C:/Users/samas/Documents/GitHub/Proyecto-Taller-Diseno-Digital/Proyecto/Extend.sv Line: 1
Info (12021): Found 1 design units, including 1 entities, in source file demux_1_to_16.sv
    Info (12023): Found entity 1: Demux_1_to_16 File: C:/Users/samas/Documents/GitHub/Proyecto-Taller-Diseno-Digital/Proyecto/Demux_1_to_16.sv Line: 3
Info (12021): Found 1 design units, including 1 entities, in source file register.sv
    Info (12023): Found entity 1: Register File: C:/Users/samas/Documents/GitHub/Proyecto-Taller-Diseno-Digital/Proyecto/Register.sv Line: 6
Info (12021): Found 1 design units, including 1 entities, in source file mux_2_to_1.sv
    Info (12023): Found entity 1: Mux_2_to_1 File: C:/Users/samas/Documents/GitHub/Proyecto-Taller-Diseno-Digital/Proyecto/Mux_2_to_1.sv Line: 5
Info (12021): Found 1 design units, including 1 entities, in source file mux_16_to_1.sv
    Info (12023): Found entity 1: Mux_16_to_1 File: C:/Users/samas/Documents/GitHub/Proyecto-Taller-Diseno-Digital/Proyecto/Mux_16_to_1.sv Line: 5
Info (12021): Found 1 design units, including 1 entities, in source file pc.sv
    Info (12023): Found entity 1: PC File: C:/Users/samas/Documents/GitHub/Proyecto-Taller-Diseno-Digital/Proyecto/PC.sv Line: 6
Info (12021): Found 1 design units, including 1 entities, in source file plus4.sv
    Info (12023): Found entity 1: Plus4 File: C:/Users/samas/Documents/GitHub/Proyecto-Taller-Diseno-Digital/Proyecto/Plus4.sv Line: 6
Info (12021): Found 1 design units, including 1 entities, in source file datamemory.sv
    Info (12023): Found entity 1: DataMemory File: C:/Users/samas/Documents/GitHub/Proyecto-Taller-Diseno-Digital/Proyecto/DataMemory.sv Line: 6
Info (12021): Found 1 design units, including 1 entities, in source file registerfile.sv
    Info (12023): Found entity 1: RegisterFile File: C:/Users/samas/Documents/GitHub/Proyecto-Taller-Diseno-Digital/Proyecto/RegisterFile.sv Line: 3
Info (12021): Found 1 design units, including 1 entities, in source file alu.sv
    Info (12023): Found entity 1: ALU File: C:/Users/samas/Documents/GitHub/Proyecto-Taller-Diseno-Digital/Proyecto/ALU.sv Line: 13
Info (12021): Found 1 design units, including 1 entities, in source file maindecoder.sv
    Info (12023): Found entity 1: MainDecoder File: C:/Users/samas/Documents/GitHub/Proyecto-Taller-Diseno-Digital/Proyecto/MainDecoder.sv Line: 7
Info (12021): Found 1 design units, including 1 entities, in source file pc_logic.sv
    Info (12023): Found entity 1: PC_Logic File: C:/Users/samas/Documents/GitHub/Proyecto-Taller-Diseno-Digital/Proyecto/PC_Logic.sv Line: 6
Info (12021): Found 1 design units, including 1 entities, in source file aludecoder.sv
    Info (12023): Found entity 1: ALUDecoder File: C:/Users/samas/Documents/GitHub/Proyecto-Taller-Diseno-Digital/Proyecto/ALUDecoder.sv Line: 3
Info (12021): Found 1 design units, including 1 entities, in source file conditionallogic.sv
    Info (12023): Found entity 1: ConditionalLogic File: C:/Users/samas/Documents/GitHub/Proyecto-Taller-Diseno-Digital/Proyecto/ConditionalLogic.sv Line: 3
Info (12021): Found 1 design units, including 1 entities, in source file decoder.sv
    Info (12023): Found entity 1: Decoder File: C:/Users/samas/Documents/GitHub/Proyecto-Taller-Diseno-Digital/Proyecto/Decoder.sv Line: 6
Info (12021): Found 1 design units, including 1 entities, in source file controlunit.sv
    Info (12023): Found entity 1: ControlUnit File: C:/Users/samas/Documents/GitHub/Proyecto-Taller-Diseno-Digital/Proyecto/ControlUnit.sv Line: 6
Info (12021): Found 1 design units, including 1 entities, in source file controlunit_tb.sv
    Info (12023): Found entity 1: ControlUnit_tb File: C:/Users/samas/Documents/GitHub/Proyecto-Taller-Diseno-Digital/Proyecto/ControlUnit_tb.sv Line: 3
Info (12021): Found 1 design units, including 1 entities, in source file alucontroldeco.sv
    Info (12023): Found entity 1: ALUControlDeco File: C:/Users/samas/Documents/GitHub/Proyecto-Taller-Diseno-Digital/Proyecto/ALUControlDeco.sv Line: 3
Info (12021): Found 1 design units, including 1 entities, in source file alu_tb.sv
    Info (12023): Found entity 1: Alu_tb File: C:/Users/samas/Documents/GitHub/Proyecto-Taller-Diseno-Digital/Proyecto/Alu_tb.sv Line: 3
Info (12021): Found 1 design units, including 1 entities, in source file datapath.sv
    Info (12023): Found entity 1: DataPath File: C:/Users/samas/Documents/GitHub/Proyecto-Taller-Diseno-Digital/Proyecto/DataPath.sv Line: 3
Info (12021): Found 1 design units, including 1 entities, in source file instructionmemory.v
    Info (12023): Found entity 1: InstructionMemory File: C:/Users/samas/Documents/GitHub/Proyecto-Taller-Diseno-Digital/Proyecto/InstructionMemory.v Line: 40
Info (12021): Found 1 design units, including 1 entities, in source file datamemoryram.v
    Info (12023): Found entity 1: DataMemoryRam File: C:/Users/samas/Documents/GitHub/Proyecto-Taller-Diseno-Digital/Proyecto/DataMemoryRam.v Line: 40
Warning (10236): Verilog HDL Implicit Net warning at ALU.sv(27): created implicit net for "o1" File: C:/Users/samas/Documents/GitHub/Proyecto-Taller-Diseno-Digital/Proyecto/ALU.sv Line: 27
Warning (10236): Verilog HDL Implicit Net warning at ALU.sv(28): created implicit net for "o2" File: C:/Users/samas/Documents/GitHub/Proyecto-Taller-Diseno-Digital/Proyecto/ALU.sv Line: 28
Warning (10236): Verilog HDL Implicit Net warning at ALU.sv(29): created implicit net for "o3" File: C:/Users/samas/Documents/GitHub/Proyecto-Taller-Diseno-Digital/Proyecto/ALU.sv Line: 29
Info (12127): Elaborating entity "DataPath" for the top level hierarchy
Warning (10034): Output port "WriteData" at DataPath.sv(7) has no driver File: C:/Users/samas/Documents/GitHub/Proyecto-Taller-Diseno-Digital/Proyecto/DataPath.sv Line: 7
Info (12128): Elaborating entity "Mux_2_to_1" for hierarchy "Mux_2_to_1:PCSrcMux" File: C:/Users/samas/Documents/GitHub/Proyecto-Taller-Diseno-Digital/Proyecto/DataPath.sv Line: 18
Info (12128): Elaborating entity "PC" for hierarchy "PC:PCReg" File: C:/Users/samas/Documents/GitHub/Proyecto-Taller-Diseno-Digital/Proyecto/DataPath.sv Line: 19
Info (12128): Elaborating entity "Plus4" for hierarchy "Plus4:PCAdder1" File: C:/Users/samas/Documents/GitHub/Proyecto-Taller-Diseno-Digital/Proyecto/DataPath.sv Line: 22
Warning (10230): Verilog HDL assignment warning at Plus4.sv(9): truncated value with size 32 to match size of target (16) File: C:/Users/samas/Documents/GitHub/Proyecto-Taller-Diseno-Digital/Proyecto/Plus4.sv Line: 9
Info (12128): Elaborating entity "Mux_2_to_1" for hierarchy "Mux_2_to_1:ra1mux" File: C:/Users/samas/Documents/GitHub/Proyecto-Taller-Diseno-Digital/Proyecto/DataPath.sv Line: 27
Info (12128): Elaborating entity "RegisterFile" for hierarchy "RegisterFile:RegFile" File: C:/Users/samas/Documents/GitHub/Proyecto-Taller-Diseno-Digital/Proyecto/DataPath.sv Line: 31
Info (12128): Elaborating entity "Demux_1_to_16" for hierarchy "RegisterFile:RegFile|Demux_1_to_16:DEMUX" File: C:/Users/samas/Documents/GitHub/Proyecto-Taller-Diseno-Digital/Proyecto/RegisterFile.sv Line: 19
Info (12128): Elaborating entity "Register" for hierarchy "RegisterFile:RegFile|Register:REG00" File: C:/Users/samas/Documents/GitHub/Proyecto-Taller-Diseno-Digital/Proyecto/RegisterFile.sv Line: 23
Info (12128): Elaborating entity "Mux_16_to_1" for hierarchy "RegisterFile:RegFile|Mux_16_to_1:MUX_RD1" File: C:/Users/samas/Documents/GitHub/Proyecto-Taller-Diseno-Digital/Proyecto/RegisterFile.sv Line: 44
Info (12128): Elaborating entity "Extend" for hierarchy "Extend:Ext" File: C:/Users/samas/Documents/GitHub/Proyecto-Taller-Diseno-Digital/Proyecto/DataPath.sv Line: 34
Info (12128): Elaborating entity "Mux_2_to_1" for hierarchy "Mux_2_to_1:SrcBMux" File: C:/Users/samas/Documents/GitHub/Proyecto-Taller-Diseno-Digital/Proyecto/DataPath.sv Line: 37
Info (12128): Elaborating entity "ALUControlDeco" for hierarchy "ALUControlDeco:AluDeco" File: C:/Users/samas/Documents/GitHub/Proyecto-Taller-Diseno-Digital/Proyecto/DataPath.sv Line: 40
Info (12128): Elaborating entity "ALU" for hierarchy "ALU:Alu" File: C:/Users/samas/Documents/GitHub/Proyecto-Taller-Diseno-Digital/Proyecto/DataPath.sv Line: 41
Warning (12241): 2 hierarchies have connectivity warnings - see the Connectivity Checks report folder
Info (144001): Generated suppressed messages file C:/Users/samas/Documents/GitHub/Proyecto-Taller-Diseno-Digital/Proyecto/output_files/Proyecto.map.smsg
Info: Quartus Prime Analysis & Elaboration was successful. 0 errors, 7 warnings
    Info: Peak virtual memory: 4768 megabytes
    Info: Processing ended: Tue Nov 09 19:07:10 2021
    Info: Elapsed time: 00:00:07
    Info: Total CPU time (on all processors): 00:00:16


+--------------------------------------------+
; Analysis & Elaboration Suppressed Messages ;
+--------------------------------------------+
The suppressed messages can be found in C:/Users/samas/Documents/GitHub/Proyecto-Taller-Diseno-Digital/Proyecto/output_files/Proyecto.map.smsg.


